Arguments: 
  C:\Program Files\nodejs\node.exe C:\Users\jrwan\AppData\Roaming\npm\node_modules\yarn\bin\yarn.js add eslint eslint-config-prettier prettier –D

PATH: 
  C:\Users\jrwan\AppData\Local\oh-my-posh;C:\Program Files\WindowsApps\Microsoft.PowerShell_7.3.3.0_x64__8wekyb3d8bbwe;C:\Program Files\Common Files\Oracle\Java\javapath;C:\Python311\Scripts\;C:\Python311\;C:\Windows\system32;C:\Windows;C:\Windows\System32\Wbem;C:\Windows\System32\WindowsPowerShell\v1.0\;C:\Windows\System32\OpenSSH\;C:\Program Files\dotnet\;C:\Program Files (x86)\dotnet\;C:\Program Files\Microsoft VS Code\bin;C:\Program Files\Git\cmd;C:\ProgramData\chocolatey\bin;C:\Users\jrwan\AppData\Roaming\nvm;C:\Program Files\nodejs;C:\Program Files\PostgreSQL\14\bin;C:\Program Files\PostgreSQL\14\lib;C:\Program Files\Microsoft SQL Server\150\Tools\Binn\;C:\Program Files\Microsoft SQL Server\Client SDK\ODBC\170\Tools\Binn\;C:\Program Files\php-8.2.4-Win32-vs16-x64;C:\Program Files\MongoDB\Server\6.0\bin;C:\Program Files\Java\jdk-19\bin;C:\Gradle\gradle-7.6.1\bin;C:\ProgramData\ComposerSetup\bin;C:\Users\jrwan\AppData\Local\Microsoft\WindowsApps;C:\Users\jrwan\AppData\Roaming\npm;C:\Users\jrwan\.dotnet\tools;C:\Users\jrwan\AppData\Local\Programs\oh-my-posh\bin;C:\Users\jrwan\AppData\Roaming\Composer\vendor\bin

Yarn version: 
  1.22.19

Node version: 
  18.12.1

Platform: 
  win32 x64

Trace: 
  TypeError [ERR_UNESCAPED_CHARACTERS]: https://registry.yarnpkg.com/–D: Request path contains unescaped characters
      at new NodeError (node:internal/errors:393:5)
      at new ClientRequest (node:_http_client:182:13)
      at Object.request (node:https:360:10)
      at module.exports.Request.start (C:\Users\jrwan\AppData\Roaming\npm\node_modules\yarn\lib\cli.js:141452:32)
      at module.exports.Request.end (C:\Users\jrwan\AppData\Roaming\npm\node_modules\yarn\lib\cli.js:142211:10)
      at end (C:\Users\jrwan\AppData\Roaming\npm\node_modules\yarn\lib\cli.js:141265:14)
      at Immediate.<anonymous> (C:\Users\jrwan\AppData\Roaming\npm\node_modules\yarn\lib\cli.js:141279:7)
      at process.processImmediate (node:internal/timers:471:21)

npm manifest: 
  {
    "name": "recrutamento-conversor-nodejs-jrwanderley17_gmail.com",
    "version": "1.0.0",
    "main": "index.js",
    "repository": "https://wanderleyjat@bitbucket.org/recrutamento_jya_nodejs/recrutamento-conversor-nodejs-jrwanderley17_gmail.com.git",
    "author": "Junior Alves <jrwanderley17@gmail.com>",
    "license": "MIT",
    "scripts": {
      "start": "node index.js"
    },
    "dependencies": {
      "module-alias": "^2.2.2"
    },
    "devDependencies": {
      "@types/module-alias": "^2.0.1",
      "@types/node": "^18.15.11"
    }
  }

yarn manifest: 
  No manifest

Lockfile: 
  # THIS IS AN AUTOGENERATED FILE. DO NOT EDIT THIS FILE DIRECTLY.
  # yarn lockfile v1
  
  
  "@types/module-alias@^2.0.1":
    version "2.0.1"
    resolved "https://registry.yarnpkg.com/@types/module-alias/-/module-alias-2.0.1.tgz#e5893236ce922152d57c5f3f978f764f4deeb45f"
    integrity sha512-DN/CCT1HQG6HquBNJdLkvV+4v5l/oEuwOHUPLxI+Eub0NED+lk0YUfba04WGH90EINiUrNgClkNnwGmbICeWMQ==
  
  "@types/node@^18.15.11":
    version "18.15.11"
    resolved "https://registry.yarnpkg.com/@types/node/-/node-18.15.11.tgz#b3b790f09cb1696cffcec605de025b088fa4225f"
    integrity sha512-E5Kwq2n4SbMzQOn6wnmBjuK9ouqlURrcZDVfbo9ftDDTFt3nk7ZKK4GMOzoYgnpQJKcxwQw+lGaBvvlMo0qN/Q==
  
  module-alias@^2.2.2:
    version "2.2.2"
    resolved "https://registry.yarnpkg.com/module-alias/-/module-alias-2.2.2.tgz#151cdcecc24e25739ff0aa6e51e1c5716974c0e0"
    integrity sha512-A/78XjoX2EmNvppVWEhM2oGk3x4lLxnkEA4jTbaK97QKSDjkIoOsKQlfylt/d3kKKi596Qy3NP5XrXJ6fZIC9Q==
